<?xml version="1.0" encoding="UTF-8"?>
<testsuite name="com.orangeclk.LibApplicationTests" tests="1" skipped="0" failures="0" errors="0" timestamp="2017-01-19T03:01:04" hostname="orangeclk-Lenovo-Y430P" time="0.391">
  <properties/>
  <testcase name="contextLoads" classname="com.orangeclk.LibApplicationTests" time="0.391"/>
  <system-out><![CDATA[11:00:59.484 [Test worker] DEBUG org.springframework.test.context.junit4.SpringJUnit4ClassRunner - SpringJUnit4ClassRunner constructor called with [class com.orangeclk.LibApplicationTests]
11:00:59.488 [Test worker] DEBUG org.springframework.test.context.BootstrapUtils - Instantiating CacheAwareContextLoaderDelegate from class [org.springframework.test.context.cache.DefaultCacheAwareContextLoaderDelegate]
11:00:59.507 [Test worker] DEBUG org.springframework.test.context.BootstrapUtils - Instantiating BootstrapContext using constructor [public org.springframework.test.context.support.DefaultBootstrapContext(java.lang.Class,org.springframework.test.context.CacheAwareContextLoaderDelegate)]
11:00:59.518 [Test worker] DEBUG org.springframework.test.context.BootstrapUtils - Instantiating TestContextBootstrapper for test class [com.orangeclk.LibApplicationTests] from class [org.springframework.boot.test.context.SpringBootTestContextBootstrapper]
11:00:59.550 [Test worker] INFO org.springframework.boot.test.context.SpringBootTestContextBootstrapper - Neither @ContextConfiguration nor @ContextHierarchy found for test class [com.orangeclk.LibApplicationTests], using SpringBootContextLoader
11:00:59.553 [Test worker] DEBUG org.springframework.test.context.support.AbstractContextLoader - Did not detect default resource location for test class [com.orangeclk.LibApplicationTests]: class path resource [com/orangeclk/LibApplicationTests-context.xml] does not exist
11:00:59.553 [Test worker] DEBUG org.springframework.test.context.support.AbstractContextLoader - Did not detect default resource location for test class [com.orangeclk.LibApplicationTests]: class path resource [com/orangeclk/LibApplicationTestsContext.groovy] does not exist
11:00:59.553 [Test worker] INFO org.springframework.test.context.support.AbstractContextLoader - Could not detect default resource locations for test class [com.orangeclk.LibApplicationTests]: no resource found for suffixes {-context.xml, Context.groovy}.
11:00:59.578 [Test worker] INFO org.springframework.test.context.support.AnnotationConfigContextLoaderUtils - Could not detect default configuration classes for test class [com.orangeclk.LibApplicationTests]: LibApplicationTests does not declare any static, non-private, non-final, nested classes annotated with @Configuration.
11:00:59.638 [Test worker] DEBUG org.springframework.test.context.support.ActiveProfilesUtils - Could not find an 'annotation declaring class' for annotation type [org.springframework.test.context.ActiveProfiles] and class [com.orangeclk.LibApplicationTests]
11:00:59.668 [Test worker] DEBUG org.springframework.core.env.StandardEnvironment - Adding [systemProperties] PropertySource with lowest search precedence
11:00:59.669 [Test worker] DEBUG org.springframework.core.env.StandardEnvironment - Adding [systemEnvironment] PropertySource with lowest search precedence
11:00:59.669 [Test worker] DEBUG org.springframework.core.env.StandardEnvironment - Initialized StandardEnvironment with PropertySources [systemProperties,systemEnvironment]
11:00:59.675 [Test worker] DEBUG org.springframework.core.io.support.PathMatchingResourcePatternResolver - Resolved classpath location [com/orangeclk/] to resources [URL [file:/home/orangeclk/libOrangeCLK/build/classes/test/com/orangeclk/], URL [file:/home/orangeclk/libOrangeCLK/build/classes/main/com/orangeclk/]]
11:00:59.676 [Test worker] DEBUG org.springframework.core.io.support.PathMatchingResourcePatternResolver - Looking for matching resources in directory tree [/home/orangeclk/libOrangeCLK/build/classes/test/com/orangeclk]
11:00:59.676 [Test worker] DEBUG org.springframework.core.io.support.PathMatchingResourcePatternResolver - Searching directory [/home/orangeclk/libOrangeCLK/build/classes/test/com/orangeclk] for files matching pattern [/home/orangeclk/libOrangeCLK/build/classes/test/com/orangeclk/*.class]
11:00:59.678 [Test worker] DEBUG org.springframework.core.io.support.PathMatchingResourcePatternResolver - Looking for matching resources in directory tree [/home/orangeclk/libOrangeCLK/build/classes/main/com/orangeclk]
11:00:59.679 [Test worker] DEBUG org.springframework.core.io.support.PathMatchingResourcePatternResolver - Searching directory [/home/orangeclk/libOrangeCLK/build/classes/main/com/orangeclk] for files matching pattern [/home/orangeclk/libOrangeCLK/build/classes/main/com/orangeclk/*.class]
11:00:59.680 [Test worker] DEBUG org.springframework.core.io.support.PathMatchingResourcePatternResolver - Resolved location pattern [classpath*:com/orangeclk/*.class] to resources [file [/home/orangeclk/libOrangeCLK/build/classes/test/com/orangeclk/LibApplicationTests.class], file [/home/orangeclk/libOrangeCLK/build/classes/main/com/orangeclk/LibApplication.class], file [/home/orangeclk/libOrangeCLK/build/classes/main/com/orangeclk/WebSecurityConfig.class]]
11:00:59.712 [Test worker] DEBUG org.springframework.context.annotation.ClassPathScanningCandidateComponentProvider - Identified candidate component class: file [/home/orangeclk/libOrangeCLK/build/classes/main/com/orangeclk/LibApplication.class]
11:00:59.718 [Test worker] INFO org.springframework.boot.test.context.SpringBootTestContextBootstrapper - Found @SpringBootConfiguration com.orangeclk.LibApplication for test class com.orangeclk.LibApplicationTests
11:00:59.721 [Test worker] DEBUG org.springframework.boot.test.context.SpringBootTestContextBootstrapper - @TestExecutionListeners is not present for class [com.orangeclk.LibApplicationTests]: using defaults.
11:00:59.726 [Test worker] INFO org.springframework.boot.test.context.SpringBootTestContextBootstrapper - Loaded default TestExecutionListener class names from location [META-INF/spring.factories]: [org.springframework.boot.test.mock.mockito.MockitoTestExecutionListener, org.springframework.boot.test.mock.mockito.ResetMocksTestExecutionListener, org.springframework.boot.test.autoconfigure.restdocs.RestDocsTestExecutionListener, org.springframework.boot.test.autoconfigure.web.client.MockRestServiceServerResetTestExecutionListener, org.springframework.boot.test.autoconfigure.web.servlet.MockMvcPrintOnlyOnFailureTestExecutionListener, org.springframework.boot.test.autoconfigure.web.servlet.WebDriverTestExecutionListener, org.springframework.test.context.web.ServletTestExecutionListener, org.springframework.test.context.support.DirtiesContextBeforeModesTestExecutionListener, org.springframework.test.context.support.DependencyInjectionTestExecutionListener, org.springframework.test.context.support.DirtiesContextTestExecutionListener, org.springframework.test.context.transaction.TransactionalTestExecutionListener, org.springframework.test.context.jdbc.SqlScriptsTestExecutionListener]
11:00:59.754 [Test worker] INFO org.springframework.boot.test.context.SpringBootTestContextBootstrapper - Using TestExecutionListeners: [org.springframework.test.context.web.ServletTestExecutionListener@6290f70e, org.springframework.test.context.support.DirtiesContextBeforeModesTestExecutionListener@19f79f4d, org.springframework.boot.test.autoconfigure.SpringBootDependencyInjectionTestExecutionListener@53e1c48e, org.springframework.test.context.support.DirtiesContextTestExecutionListener@2ea96a62, org.springframework.test.context.transaction.TransactionalTestExecutionListener@4b64d03e, org.springframework.test.context.jdbc.SqlScriptsTestExecutionListener@6ecc23e8, org.springframework.boot.test.mock.mockito.ResetMocksTestExecutionListener@33d44f0b, org.springframework.boot.test.autoconfigure.restdocs.RestDocsTestExecutionListener@56cbc969, org.springframework.boot.test.autoconfigure.web.client.MockRestServiceServerResetTestExecutionListener@3b4316ae, org.springframework.boot.test.autoconfigure.web.servlet.MockMvcPrintOnlyOnFailureTestExecutionListener@341fb14d, org.springframework.boot.test.mock.mockito.MockitoTestExecutionListener@25220cd2, org.springframework.boot.test.autoconfigure.web.servlet.WebDriverTestExecutionListener@2d2a199e]
11:00:59.756 [Test worker] DEBUG org.springframework.test.annotation.ProfileValueUtils - Retrieved @ProfileValueSourceConfiguration [null] for test class [com.orangeclk.LibApplicationTests]
11:00:59.757 [Test worker] DEBUG org.springframework.test.annotation.ProfileValueUtils - Retrieved ProfileValueSource type [class org.springframework.test.annotation.SystemProfileValueSource] for class [com.orangeclk.LibApplicationTests]
11:00:59.757 [Test worker] DEBUG org.springframework.test.annotation.ProfileValueUtils - Retrieved @ProfileValueSourceConfiguration [null] for test class [com.orangeclk.LibApplicationTests]
11:00:59.758 [Test worker] DEBUG org.springframework.test.annotation.ProfileValueUtils - Retrieved ProfileValueSource type [class org.springframework.test.annotation.SystemProfileValueSource] for class [com.orangeclk.LibApplicationTests]
11:00:59.761 [Test worker] DEBUG org.springframework.test.context.support.AbstractDirtiesContextTestExecutionListener - Before test class: context [DefaultTestContext@4e649c7b testClass = LibApplicationTests, testInstance = [null], testMethod = [null], testException = [null], mergedContextConfiguration = [WebMergedContextConfiguration@402a4b91 testClass = LibApplicationTests, locations = '{}', classes = '{class com.orangeclk.LibApplication}', contextInitializerClasses = '[]', activeProfiles = '{}', propertySourceLocations = '{}', propertySourceProperties = '{org.springframework.boot.test.context.SpringBootTestContextBootstrapper=true}', contextCustomizers = set[org.springframework.boot.test.context.SpringBootTestContextCustomizer@4e56beaa, org.springframework.boot.test.context.filter.ExcludeFilterContextCustomizer@3dc49a6f, org.springframework.boot.test.mock.mockito.MockitoContextCustomizer@0, org.springframework.boot.test.autoconfigure.properties.PropertyMappingContextCustomizer@0, org.springframework.boot.test.autoconfigure.web.servlet.WebDriverContextCustomizerFactory$Customizer@22e15e5b], resourceBasePath = 'src/main/webapp', contextLoader = 'org.springframework.boot.test.context.SpringBootContextLoader', parent = [null]]], class annotated with @DirtiesContext [false] with mode [null].
11:00:59.761 [Test worker] DEBUG org.springframework.test.annotation.ProfileValueUtils - Retrieved @ProfileValueSourceConfiguration [null] for test class [com.orangeclk.LibApplicationTests]
11:00:59.762 [Test worker] DEBUG org.springframework.test.annotation.ProfileValueUtils - Retrieved ProfileValueSource type [class org.springframework.test.annotation.SystemProfileValueSource] for class [com.orangeclk.LibApplicationTests]
11:00:59.784 [Test worker] DEBUG org.springframework.core.env.StandardEnvironment - Adding [systemProperties] PropertySource with lowest search precedence
11:00:59.784 [Test worker] DEBUG org.springframework.core.env.StandardEnvironment - Adding [systemEnvironment] PropertySource with lowest search precedence
11:00:59.784 [Test worker] DEBUG org.springframework.core.env.StandardEnvironment - Initialized StandardEnvironment with PropertySources [systemProperties,systemEnvironment]
11:00:59.785 [Test worker] DEBUG org.springframework.test.context.support.TestPropertySourceUtils - Adding inlined properties to environment: {spring.jmx.enabled=false, org.springframework.boot.test.context.SpringBootTestContextBootstrapper=true, server.port=-1}
11:00:59.785 [Test worker] DEBUG org.springframework.core.env.StandardEnvironment - Adding [Inlined Test Properties] PropertySource with highest search precedence

  .   ____          _            __ _ _
 /\\ / ___'_ __ _ _(_)_ __  __ _ \ \ \ \
( ( )\___ | '_ | '_| | '_ \/ _` | \ \ \ \
 \\/  ___)| |_)| | | | | || (_| |  ) ) ) )
  '  |____| .__|_| |_|_| |_\__, | / / / /
 =========|_|==============|___/=/_/_/_/
 :: Spring Boot ::        (v1.4.2.RELEASE)

2017-01-19 11:01:00.085  INFO 23539 --- [    Test worker] com.orangeclk.LibApplicationTests        : Starting LibApplicationTests on orangeclk-Lenovo-Y430P with PID 23539 (started by orangeclk in /home/orangeclk/libOrangeCLK)
2017-01-19 11:01:00.086  INFO 23539 --- [    Test worker] com.orangeclk.LibApplicationTests        : No active profile set, falling back to default profiles: default
2017-01-19 11:01:00.302  INFO 23539 --- [    Test worker] o.s.w.c.s.GenericWebApplicationContext   : Refreshing org.springframework.web.context.support.GenericWebApplicationContext@319bf3f4: startup date [Thu Jan 19 11:01:00 CST 2017]; root of context hierarchy
2017-01-19 11:01:01.593  INFO 23539 --- [    Test worker] trationDelegate$BeanPostProcessorChecker : Bean 'org.springframework.transaction.annotation.ProxyTransactionManagementConfiguration' of type [class org.springframework.transaction.annotation.ProxyTransactionManagementConfiguration$$EnhancerBySpringCGLIB$$e625e16c] is not eligible for getting processed by all BeanPostProcessors (for example: not eligible for auto-proxying)
2017-01-19 11:01:01.984  INFO 23539 --- [    Test worker] j.LocalContainerEntityManagerFactoryBean : Building JPA container EntityManagerFactory for persistence unit 'default'
2017-01-19 11:01:02.006  INFO 23539 --- [    Test worker] o.hibernate.jpa.internal.util.LogHelper  : HHH000204: Processing PersistenceUnitInfo [
	name: default
	...]
2017-01-19 11:01:02.063  INFO 23539 --- [    Test worker] org.hibernate.Version                    : HHH000412: Hibernate Core {5.0.11.Final}
2017-01-19 11:01:02.064  INFO 23539 --- [    Test worker] org.hibernate.cfg.Environment            : HHH000206: hibernate.properties not found
2017-01-19 11:01:02.066  INFO 23539 --- [    Test worker] org.hibernate.cfg.Environment            : HHH000021: Bytecode provider name : javassist
2017-01-19 11:01:02.101  INFO 23539 --- [    Test worker] o.hibernate.annotations.common.Version   : HCANN000001: Hibernate Commons Annotations {5.0.1.Final}
2017-01-19 11:01:02.439  INFO 23539 --- [    Test worker] org.hibernate.dialect.Dialect            : HHH000400: Using dialect: org.hibernate.dialect.H2Dialect
2017-01-19 11:01:02.839  INFO 23539 --- [    Test worker] o.h.tool.hbm2ddl.SchemaValidator         : HHH000229: Running schema validator
2017-01-19 11:01:02.901  INFO 23539 --- [    Test worker] j.LocalContainerEntityManagerFactoryBean : Initialized JPA EntityManagerFactory for persistence unit 'default'
2017-01-19 11:01:03.810  INFO 23539 --- [    Test worker] o.s.s.web.DefaultSecurityFilterChain     : Creating filter chain: org.springframework.security.web.util.matcher.AnyRequestMatcher@1, [org.springframework.security.web.context.request.async.WebAsyncManagerIntegrationFilter@1b343f3f, org.springframework.security.web.context.SecurityContextPersistenceFilter@5b3e41c0, org.springframework.security.web.header.HeaderWriterFilter@1607b5b0, org.springframework.security.web.csrf.CsrfFilter@510442f6, org.springframework.security.web.authentication.logout.LogoutFilter@5439af18, org.springframework.security.web.authentication.UsernamePasswordAuthenticationFilter@20fbe966, org.springframework.security.web.authentication.ui.DefaultLoginPageGeneratingFilter@7d24eaae, org.springframework.security.web.savedrequest.RequestCacheAwareFilter@72a421d4, org.springframework.security.web.servletapi.SecurityContextHolderAwareRequestFilter@1ab0b621, org.springframework.security.web.authentication.AnonymousAuthenticationFilter@4e8a7237, org.springframework.security.web.session.SessionManagementFilter@3fb9cfd6, org.springframework.security.web.access.ExceptionTranslationFilter@15a82070, org.springframework.security.web.access.intercept.FilterSecurityInterceptor@2592c72f]
2017-01-19 11:01:04.079  INFO 23539 --- [    Test worker] s.w.s.m.m.a.RequestMappingHandlerAdapter : Looking for @ControllerAdvice: org.springframework.web.context.support.GenericWebApplicationContext@319bf3f4: startup date [Thu Jan 19 11:01:00 CST 2017]; root of context hierarchy
2017-01-19 11:01:04.146  INFO 23539 --- [    Test worker] s.w.s.m.m.a.RequestMappingHandlerMapping : Mapped "{[/add-book],methods=[GET]}" onto public java.lang.String com.orangeclk.controller.AddBookController.addBook(org.springframework.ui.Model)
2017-01-19 11:01:04.147  INFO 23539 --- [    Test worker] s.w.s.m.m.a.RequestMappingHandlerMapping : Mapped "{[/add-book],methods=[POST]}" onto public java.lang.String com.orangeclk.controller.AddBookController.addBookSubmit(com.orangeclk.model.NewBook)
2017-01-19 11:01:04.148  INFO 23539 --- [    Test worker] s.w.s.m.m.a.RequestMappingHandlerMapping : Mapped "{[/author/{id}]}" onto public java.lang.String com.orangeclk.controller.AuthorController.author(org.springframework.ui.Model,int)
2017-01-19 11:01:04.148  INFO 23539 --- [    Test worker] s.w.s.m.m.a.RequestMappingHandlerMapping : Mapped "{[/book/{isbn}]}" onto public java.lang.String com.orangeclk.controller.BookController.book(java.lang.String,org.springframework.ui.Model)
2017-01-19 11:01:04.149  INFO 23539 --- [    Test worker] s.w.s.m.m.a.RequestMappingHandlerMapping : Mapped "{[/city/{id}]}" onto public java.lang.String com.orangeclk.controller.CityController.city(org.springframework.ui.Model,int)
2017-01-19 11:01:04.150  INFO 23539 --- [    Test worker] s.w.s.m.m.a.RequestMappingHandlerMapping : Mapped "{[/company/{id}]}" onto public java.lang.String com.orangeclk.controller.CompanyController.company(org.springframework.ui.Model,int)
2017-01-19 11:01:04.151  INFO 23539 --- [    Test worker] s.w.s.m.m.a.RequestMappingHandlerMapping : Mapped "{[/]}" onto public java.lang.String com.orangeclk.controller.HomeController.home(org.springframework.ui.Model)
2017-01-19 11:01:04.151  INFO 23539 --- [    Test worker] s.w.s.m.m.a.RequestMappingHandlerMapping : Mapped "{[/search]}" onto public java.lang.String com.orangeclk.controller.HomeController.searchSubmit(com.orangeclk.model.Search)
2017-01-19 11:01:04.152  INFO 23539 --- [    Test worker] s.w.s.m.m.a.RequestMappingHandlerMapping : Mapped "{[/press/{id}]}" onto public java.lang.String com.orangeclk.controller.PressController.press(org.springframework.ui.Model,int)
2017-01-19 11:01:04.153  INFO 23539 --- [    Test worker] s.w.s.m.m.a.RequestMappingHandlerMapping : Mapped "{[/series/{id}]}" onto public java.lang.String com.orangeclk.controller.SeriesController.series(org.springframework.ui.Model,int)
2017-01-19 11:01:04.156  INFO 23539 --- [    Test worker] s.w.s.m.m.a.RequestMappingHandlerMapping : Mapped "{[/error],produces=[text/html]}" onto public org.springframework.web.servlet.ModelAndView org.springframework.boot.autoconfigure.web.BasicErrorController.errorHtml(javax.servlet.http.HttpServletRequest,javax.servlet.http.HttpServletResponse)
2017-01-19 11:01:04.156  INFO 23539 --- [    Test worker] s.w.s.m.m.a.RequestMappingHandlerMapping : Mapped "{[/error]}" onto public org.springframework.http.ResponseEntity<java.util.Map<java.lang.String, java.lang.Object>> org.springframework.boot.autoconfigure.web.BasicErrorController.error(javax.servlet.http.HttpServletRequest)
2017-01-19 11:01:04.185  INFO 23539 --- [    Test worker] o.s.w.s.handler.SimpleUrlHandlerMapping  : Mapped URL path [/webjars/**] onto handler of type [class org.springframework.web.servlet.resource.ResourceHttpRequestHandler]
2017-01-19 11:01:04.185  INFO 23539 --- [    Test worker] o.s.w.s.handler.SimpleUrlHandlerMapping  : Mapped URL path [/**] onto handler of type [class org.springframework.web.servlet.resource.ResourceHttpRequestHandler]
2017-01-19 11:01:04.225  INFO 23539 --- [    Test worker] o.s.w.s.handler.SimpleUrlHandlerMapping  : Mapped URL path [/**/favicon.ico] onto handler of type [class org.springframework.web.servlet.resource.ResourceHttpRequestHandler]
2017-01-19 11:01:04.551  INFO 23539 --- [    Test worker] b.a.s.AuthenticationManagerConfiguration : 

Using default security password: c93b3ed1-ffc4-4102-958e-7ddb9cc2104a

2017-01-19 11:01:04.760  INFO 23539 --- [    Test worker] com.orangeclk.LibApplicationTests        : Started LibApplicationTests in 4.941 seconds (JVM running for 5.939)
]]></system-out>
  <system-err><![CDATA[]]></system-err>
</testsuite>
